Checking project dependencies...
Building DisplayDeck.dproj (Debug, Win32)
brcc32 command line for "DisplayDeck.vrc"
  c:\program files (x86)\embarcadero\studio\23.0\bin\cgrc.exe -c65001 DisplayDeck.vrc -foDisplayDeck.res 
dcc32 command line for "DisplayDeck.dpr"
  c:\program files (x86)\embarcadero\studio\23.0\bin\dcc32.exe -$O- -$W+ -$R+ -$Q+ --no-config -B -Q -TX.exe 
  -AGenerics.Collections=System.Generics.Collections;Generics.Defaults=System.Generics.Defaults;WinTypes=Winapi.Windows;WinProcs=Winapi.Windows;
  DbiTypes=BDE;DbiProcs=BDE;DbiErrs=BDE -DDEBUG;;FRAMEWORK_VCL -E.\Win32\Debug -I"c:\program files (x86)\embarcadero\studio\23.0\lib\Win32\debug";
  "C:\Users\bosma\OneDrive\Documents\tmssoftware\TMS Aurelius\packages\d12\.\Win32\Debug";"C:\Users\bosma\OneDrive\Documents\tmssoftware\TMS 
  Sparkle\packages\d12\.\Win32\Debug";"C:\Users\bosma\OneDrive\Documents\tmssoftware\TMS BIZ Core Library\packages\d12\.\Win32\Debug";
  "C:\Users\bosma\OneDrive\Documents\tmssoftware\TMS XData\packages\d12\.\Win32\Debug";Data;Services\Interfaces;Services\Implementations;"c:\program 
  files (x86)\embarcadero\studio\23.0\lib\Win32\release";C:\Users\bosma\OneDrive\Documents\Embarcadero\Studio\23.0\Imports;
  C:\Users\bosma\OneDrive\Documents\Embarcadero\Studio\23.0\Imports\Win32;"c:\program files (x86)\embarcadero\studio\23.0\Imports";
  C:\Users\Public\Documents\Embarcadero\Studio\23.0\Dcp;"c:\program files (x86)\embarcadero\studio\23.0\include";
  "C:\Users\bosma\OneDrive\Documents\tmssoftware\TMS Aurelius\packages\d12\.\Win32\Release";"C:\Users\bosma\OneDrive\Documents\tmssoftware\TMS 
  Aurelius\source\drivers";"C:\Users\bosma\OneDrive\Documents\tmssoftware\TMS Sparkle\packages\d12\.\Win32\Release";
  "C:\Users\bosma\OneDrive\Documents\tmssoftware\TMS Sparkle\source\extra";"C:\Users\bosma\OneDrive\Documents\tmssoftware\TMS Sparkle\source\app";
  "C:\Users\bosma\OneDrive\Documents\tmssoftware\TMS BIZ Core Library\packages\d12\.\Win32\Release";"C:\Users\bosma\OneDrive\Documents\tmssoftware\TMS 
  BIZ Core Library\source\extra";"C:\Users\bosma\AppData\Local\tmssoftware\registered\TMS WEB Core RSXE15";
  "C:\Users\bosma\AppData\Local\tmssoftware\registered\TMS WEB Core RSXE15\Win32";"C:\Users\bosma\AppData\Local\tmssoftware\registered\TMS WEB Core 
  RSXE15\Component Library Source";"C:\Users\bosma\AppData\Local\tmssoftware\registered\TMS VCL UI Pack";
  "C:\Users\bosma\AppData\Local\tmssoftware\registered\TMS VCL UI Pack\Delphi12\Win32\Release";"C:\Users\bosma\AppData\Local\tmssoftware\registered\TMS 
  VCL UI Pack\xlsAdapter";"C:\Users\bosma\OneDrive\Documents\tmssoftware\TMS XData\packages\d12\.\Win32\Release";
  C:\Users\bosma\OneDrive\Documents\Embarcadero\Studio\23.0\CatalogRepository\ICS_VCL-12\source;
  C:\Users\bosma\OneDrive\Documents\Embarcadero\Studio\23.0\CatalogRepository\ICS_VCL-12\source\Include 
  -LEC:\Users\Public\Documents\Embarcadero\Studio\23.0\Bpl -LNC:\Users\Public\Documents\Embarcadero\Studio\23.0\Dcp -NU.\Win32\Debug -NSWinapi;
  System.Win;Data.Win;Datasnap.Win;Web.Win;Soap.Win;Xml.Win;Bde;System;Xml;Data;Datasnap;Web;Soap;Vcl;Vcl.Imaging;Vcl.Touch;Vcl.Samples;Vcl.Shell; 
  -OData;Services\Interfaces;Services\Implementations;"c:\program files (x86)\embarcadero\studio\23.0\lib\Win32\release";
  C:\Users\bosma\OneDrive\Documents\Embarcadero\Studio\23.0\Imports;C:\Users\bosma\OneDrive\Documents\Embarcadero\Studio\23.0\Imports\Win32;"c:\program 
  files (x86)\embarcadero\studio\23.0\Imports";C:\Users\Public\Documents\Embarcadero\Studio\23.0\Dcp;"c:\program files 
  (x86)\embarcadero\studio\23.0\include";"C:\Users\bosma\OneDrive\Documents\tmssoftware\TMS Aurelius\packages\d12\.\Win32\Release";
  "C:\Users\bosma\OneDrive\Documents\tmssoftware\TMS Aurelius\source\drivers";"C:\Users\bosma\OneDrive\Documents\tmssoftware\TMS 
  Sparkle\packages\d12\.\Win32\Release";"C:\Users\bosma\OneDrive\Documents\tmssoftware\TMS Sparkle\source\extra";
  "C:\Users\bosma\OneDrive\Documents\tmssoftware\TMS Sparkle\source\app";"C:\Users\bosma\OneDrive\Documents\tmssoftware\TMS BIZ Core 
  Library\packages\d12\.\Win32\Release";"C:\Users\bosma\OneDrive\Documents\tmssoftware\TMS BIZ Core Library\source\extra";
  "C:\Users\bosma\AppData\Local\tmssoftware\registered\TMS WEB Core RSXE15";"C:\Users\bosma\AppData\Local\tmssoftware\registered\TMS WEB Core 
  RSXE15\Win32";"C:\Users\bosma\AppData\Local\tmssoftware\registered\TMS WEB Core RSXE15\Component Library Source";
  "C:\Users\bosma\AppData\Local\tmssoftware\registered\TMS VCL UI Pack";"C:\Users\bosma\AppData\Local\tmssoftware\registered\TMS VCL UI 
  Pack\Delphi12\Win32\Release";"C:\Users\bosma\AppData\Local\tmssoftware\registered\TMS VCL UI Pack\xlsAdapter";
  "C:\Users\bosma\OneDrive\Documents\tmssoftware\TMS XData\packages\d12\.\Win32\Release";
  C:\Users\bosma\OneDrive\Documents\Embarcadero\Studio\23.0\CatalogRepository\ICS_VCL-12\source;
  C:\Users\bosma\OneDrive\Documents\Embarcadero\Studio\23.0\CatalogRepository\ICS_VCL-12\source\Include -RData;Services\Interfaces;
  Services\Implementations;"c:\program files (x86)\embarcadero\studio\23.0\lib\Win32\release";
  C:\Users\bosma\OneDrive\Documents\Embarcadero\Studio\23.0\Imports;C:\Users\bosma\OneDrive\Documents\Embarcadero\Studio\23.0\Imports\Win32;"c:\program 
  files (x86)\embarcadero\studio\23.0\Imports";C:\Users\Public\Documents\Embarcadero\Studio\23.0\Dcp;"c:\program files 
  (x86)\embarcadero\studio\23.0\include";"C:\Users\bosma\OneDrive\Documents\tmssoftware\TMS Aurelius\packages\d12\.\Win32\Release";
  "C:\Users\bosma\OneDrive\Documents\tmssoftware\TMS Aurelius\source\drivers";"C:\Users\bosma\OneDrive\Documents\tmssoftware\TMS 
  Sparkle\packages\d12\.\Win32\Release";"C:\Users\bosma\OneDrive\Documents\tmssoftware\TMS Sparkle\source\extra";
  "C:\Users\bosma\OneDrive\Documents\tmssoftware\TMS Sparkle\source\app";"C:\Users\bosma\OneDrive\Documents\tmssoftware\TMS BIZ Core 
  Library\packages\d12\.\Win32\Release";"C:\Users\bosma\OneDrive\Documents\tmssoftware\TMS BIZ Core Library\source\extra";
  "C:\Users\bosma\AppData\Local\tmssoftware\registered\TMS WEB Core RSXE15";"C:\Users\bosma\AppData\Local\tmssoftware\registered\TMS WEB Core 
  RSXE15\Win32";"C:\Users\bosma\AppData\Local\tmssoftware\registered\TMS WEB Core RSXE15\Component Library Source";
  "C:\Users\bosma\AppData\Local\tmssoftware\registered\TMS VCL UI Pack";"C:\Users\bosma\AppData\Local\tmssoftware\registered\TMS VCL UI 
  Pack\Delphi12\Win32\Release";"C:\Users\bosma\AppData\Local\tmssoftware\registered\TMS VCL UI Pack\xlsAdapter";
  "C:\Users\bosma\OneDrive\Documents\tmssoftware\TMS XData\packages\d12\.\Win32\Release";
  C:\Users\bosma\OneDrive\Documents\Embarcadero\Studio\23.0\CatalogRepository\ICS_VCL-12\source;
  C:\Users\bosma\OneDrive\Documents\Embarcadero\Studio\23.0\CatalogRepository\ICS_VCL-12\source\Include -U"c:\program files 
  (x86)\embarcadero\studio\23.0\lib\Win32\debug";"C:\Users\bosma\OneDrive\Documents\tmssoftware\TMS Aurelius\packages\d12\.\Win32\Debug";
  "C:\Users\bosma\OneDrive\Documents\tmssoftware\TMS Sparkle\packages\d12\.\Win32\Debug";"C:\Users\bosma\OneDrive\Documents\tmssoftware\TMS BIZ Core 
  Library\packages\d12\.\Win32\Debug";"C:\Users\bosma\OneDrive\Documents\tmssoftware\TMS XData\packages\d12\.\Win32\Debug";Data;Services\Interfaces;
  Services\Implementations;"c:\program files (x86)\embarcadero\studio\23.0\lib\Win32\release";
  C:\Users\bosma\OneDrive\Documents\Embarcadero\Studio\23.0\Imports;C:\Users\bosma\OneDrive\Documents\Embarcadero\Studio\23.0\Imports\Win32;"c:\program 
  files (x86)\embarcadero\studio\23.0\Imports";C:\Users\Public\Documents\Embarcadero\Studio\23.0\Dcp;"c:\program files 
  (x86)\embarcadero\studio\23.0\include";"C:\Users\bosma\OneDrive\Documents\tmssoftware\TMS Aurelius\packages\d12\.\Win32\Release";
  "C:\Users\bosma\OneDrive\Documents\tmssoftware\TMS Aurelius\source\drivers";"C:\Users\bosma\OneDrive\Documents\tmssoftware\TMS 
  Sparkle\packages\d12\.\Win32\Release";"C:\Users\bosma\OneDrive\Documents\tmssoftware\TMS Sparkle\source\extra";
  "C:\Users\bosma\OneDrive\Documents\tmssoftware\TMS Sparkle\source\app";"C:\Users\bosma\OneDrive\Documents\tmssoftware\TMS BIZ Core 
  Library\packages\d12\.\Win32\Release";"C:\Users\bosma\OneDrive\Documents\tmssoftware\TMS BIZ Core Library\source\extra";
  "C:\Users\bosma\AppData\Local\tmssoftware\registered\TMS WEB Core RSXE15";"C:\Users\bosma\AppData\Local\tmssoftware\registered\TMS WEB Core 
  RSXE15\Win32";"C:\Users\bosma\AppData\Local\tmssoftware\registered\TMS WEB Core RSXE15\Component Library Source";
  "C:\Users\bosma\AppData\Local\tmssoftware\registered\TMS VCL UI Pack";"C:\Users\bosma\AppData\Local\tmssoftware\registered\TMS VCL UI 
  Pack\Delphi12\Win32\Release";"C:\Users\bosma\AppData\Local\tmssoftware\registered\TMS VCL UI Pack\xlsAdapter";
  "C:\Users\bosma\OneDrive\Documents\tmssoftware\TMS XData\packages\d12\.\Win32\Release";
  C:\Users\bosma\OneDrive\Documents\Embarcadero\Studio\23.0\CatalogRepository\ICS_VCL-12\source;
  C:\Users\bosma\OneDrive\Documents\Embarcadero\Studio\23.0\CatalogRepository\ICS_VCL-12\source\Include -V -VN 
  -NBC:\Users\Public\Documents\Embarcadero\Studio\23.0\Dcp -NHC:\Users\Public\Documents\Embarcadero\Studio\23.0\hpp\Win32 -NO.\Win32\Debug  
  DisplayDeck.dpr   
[dcc32 Fatal Error] F2039 Could not create output file '.\Win32\Debug\DisplayDeck.exe'
Failed
Elapsed time: 00:00:02.9
